#-----------------------------------------------------------
# Vivado v2020.2 (64-bit)
# SW Build 3064766 on Wed Nov 18 09:12:45 MST 2020
# IP Build 3064653 on Wed Nov 18 14:17:31 MST 2020
# Start of session at: Tue Oct 26 18:34:56 2021
# Process ID: 1888
# Current directory: Z:/F - ECE 4612/SingleCycleProcessor
# Command line: vivado.exe -gui_launcher_event rodinguilauncherevent4624 Z:\F - ECE 4612\SingleCycleProcessor\SingleCycleProcessor.xpr
# Log file: Z:/F - ECE 4612/SingleCycleProcessor/vivado.log
# Journal file: Z:/F - ECE 4612/SingleCycleProcessor\vivado.jou
#-----------------------------------------------------------
start_gui
open_project {Z:/F - ECE 4612/SingleCycleProcessor/SingleCycleProcessor.xpr}
WARNING: [filemgmt 56-3] Default IP Output Path : Could not find the directory 'Z:/F - ECE 4612/SingleCycleProcessor/SingleCycleProcessor.gen/sources_1'.
Scanning sources...
Finished scanning sources
INFO: [IP_Flow 19-234] Refreshing IP repositories
INFO: [IP_Flow 19-1704] No user IP repositories specified
INFO: [IP_Flow 19-2313] Loaded Vivado IP repository 'C:/Xilinx/Vivado/2020.2/data/ip'.
open_project: Time (s): cpu = 00:00:11 ; elapsed = 00:00:07 . Memory (MB): peak = 1006.785 ; gain = 0.000
update_compile_order -fileset sources_1
close [ open {Z:/F - ECE 4612/SingleCycleProcessor/SingleCycleProcessor.srcs/sources_1/new/SignExtender.v} w ]
add_files {{Z:/F - ECE 4612/SingleCycleProcessor/SingleCycleProcessor.srcs/sources_1/new/SignExtender.v}}
update_compile_order -fileset sources_1
set_property top SignExtender [current_fileset]
update_compile_order -fileset sources_1
close [ open {Z:/F - ECE 4612/SingleCycleProcessor/SingleCycleProcessor.srcs/sources_1/new/SignExtender_tb.v} w ]
add_files {{Z:/F - ECE 4612/SingleCycleProcessor/SingleCycleProcessor.srcs/sources_1/new/SignExtender_tb.v}}
update_compile_order -fileset sources_1
set_property top SignExtender [get_filesets sim_1]
set_property top_lib xil_defaultlib [get_filesets sim_1]
update_compile_order -fileset sim_1
set_property top SignExtender_tb [get_filesets sim_1]
set_property top_lib xil_defaultlib [get_filesets sim_1]
update_compile_order -fileset sources_1
update_compile_order -fileset sources_1
set_property top SignExtender [current_fileset]
update_compile_order -fileset sources_1
export_ip_user_files -of_objects  [get_files {{Z:/F - ECE 4612/SingleCycleProcessor/SingleCycleProcessor.srcs/sources_1/new/SignExtender_tb.v}}] -no_script -reset -force -quiet
remove_files  {{Z:/F - ECE 4612/SingleCycleProcessor/SingleCycleProcessor.srcs/sources_1/new/SignExtender_tb.v}}
file delete -force {Z:/F - ECE 4612/SingleCycleProcessor/SingleCycleProcessor.srcs/sources_1/new/SignExtender_tb.v}
update_compile_order -fileset sim_1
update_compile_order -fileset sim_1
set_property SOURCE_SET sources_1 [get_filesets sim_1]
close [ open {Z:/F - ECE 4612/SingleCycleProcessor/SingleCycleProcessor.srcs/sim_1/new/SignExtender_tb.v} w ]
add_files -fileset sim_1 {{Z:/F - ECE 4612/SingleCycleProcessor/SingleCycleProcessor.srcs/sim_1/new/SignExtender_tb.v}}
update_compile_order -fileset sim_1
set_property top SignExtender_tb [get_filesets sim_1]
set_property top_lib xil_defaultlib [get_filesets sim_1]
update_compile_order -fileset sim_1
update_compile_order -fileset sim_1
set_property source_mgmt_mode DisplayOnly [current_project]
launch_simulation
Command: launch_simulation 
INFO: [Vivado 12-5682] Launching behavioral simulation in 'Z:/F - ECE 4612/SingleCycleProcessor/SingleCycleProcessor.sim/sim_1/behav/xsim'
INFO: [SIM-utils-51] Simulation object is 'sim_1'
INFO: [SIM-utils-54] Inspecting design source files for 'SignExtender_tb' in fileset 'sim_1'...
INFO: [USF-XSim-97] Finding global include files...
INFO: [USF-XSim-100] Fetching design files from 'sources_1'...(this may take a while)...
INFO: [USF-XSim-101] Fetching design files from 'sim_1'...
INFO: [USF-XSim-2] XSim::Compile design
INFO: [USF-XSim-61] Executing 'COMPILE and ANALYZE' step in 'Z:/F - ECE 4612/SingleCycleProcessor/SingleCycleProcessor.sim/sim_1/behav/xsim'
"xvlog --incr --relax -prj SignExtender_tb_vlog.prj"
INFO: [VRFC 10-2263] Analyzing Verilog file "Z:/F - ECE 4612/SingleCycleProcessor/SingleCycleProcessor.srcs/sources_1/new/SignExtender.v" into library xil_defaultlib
INFO: [VRFC 10-311] analyzing module SignExtender
INFO: [VRFC 10-2263] Analyzing Verilog file "Z:/F - ECE 4612/SingleCycleProcessor/SingleCycleProcessor.srcs/sources_1/new/Adder16bit.v" into library xil_defaultlib
INFO: [VRFC 10-311] analyzing module Adder16bit
INFO: [VRFC 10-2263] Analyzing Verilog file "Z:/F - ECE 4612/SingleCycleProcessor/SingleCycleProcessor.srcs/sources_1/new/Adder4bit.v" into library xil_defaultlib
INFO: [VRFC 10-311] analyzing module Adder4bit
INFO: [VRFC 10-2263] Analyzing Verilog file "Z:/F - ECE 4612/SingleCycleProcessor/SingleCycleProcessor.srcs/sources_1/new/FullAdder.v" into library xil_defaultlib
INFO: [VRFC 10-311] analyzing module FullAdder
INFO: [VRFC 10-2263] Analyzing Verilog file "Z:/F - ECE 4612/SingleCycleProcessor/SingleCycleProcessor.srcs/sources_1/new/HalfAdder.v" into library xil_defaultlib
INFO: [VRFC 10-311] analyzing module HalfAdder
INFO: [VRFC 10-2263] Analyzing Verilog file "Z:/F - ECE 4612/SingleCycleProcessor/SingleCycleProcessor.srcs/sources_1/new/Adder32bit.v" into library xil_defaultlib
INFO: [VRFC 10-311] analyzing module Adder32bit
INFO: [VRFC 10-2263] Analyzing Verilog file "Z:/F - ECE 4612/SingleCycleProcessor/SingleCycleProcessor.srcs/sim_1/new/Adder16bit_tb.v" into library xil_defaultlib
INFO: [VRFC 10-311] analyzing module Adder16bit_tb
INFO: [VRFC 10-2263] Analyzing Verilog file "Z:/F - ECE 4612/SingleCycleProcessor/SingleCycleProcessor.srcs/sim_1/new/Adder32bit_tb.v" into library xil_defaultlib
INFO: [VRFC 10-311] analyzing module Adder32bit_tb
INFO: [VRFC 10-2263] Analyzing Verilog file "Z:/F - ECE 4612/SingleCycleProcessor/SingleCycleProcessor.srcs/sim_1/new/Adder4bit_tb.v" into library xil_defaultlib
INFO: [VRFC 10-311] analyzing module Adder4bit_tb
INFO: [VRFC 10-2263] Analyzing Verilog file "Z:/F - ECE 4612/SingleCycleProcessor/SingleCycleProcessor.srcs/sim_1/new/FullAdder_tb.v" into library xil_defaultlib
INFO: [VRFC 10-311] analyzing module FullAdder_tb
INFO: [VRFC 10-2263] Analyzing Verilog file "Z:/F - ECE 4612/SingleCycleProcessor/SingleCycleProcessor.srcs/sim_1/new/HalfAdder_tb.v" into library xil_defaultlib
INFO: [VRFC 10-311] analyzing module HalfAdder_tb
INFO: [VRFC 10-2263] Analyzing Verilog file "Z:/F - ECE 4612/SingleCycleProcessor/SingleCycleProcessor.srcs/sim_1/new/SignExtender_tb.v" into library xil_defaultlib
INFO: [VRFC 10-311] analyzing module SignExtender_tb
INFO: [USF-XSim-69] 'compile' step finished in '3' seconds
INFO: [USF-XSim-3] XSim::Elaborate design
INFO: [USF-XSim-61] Executing 'ELABORATE' step in 'Z:/F - ECE 4612/SingleCycleProcessor/SingleCycleProcessor.sim/sim_1/behav/xsim'
"xelab -wto c61ec431e6874e3bba603f8e13e90667 --incr --debug typical --relax --mt 2 -L xil_defaultlib -L unisims_ver -L unimacro_ver -L secureip --snapshot SignExtender_tb_behav xil_defaultlib.SignExtender_tb xil_defaultlib.glbl -log elaborate.log"
Vivado Simulator 2020.2
Copyright 1986-1999, 2001-2020 Xilinx, Inc. All Rights Reserved.
Running: C:/Xilinx/Vivado/2020.2/bin/unwrapped/win64.o/xelab.exe -wto c61ec431e6874e3bba603f8e13e90667 --incr --debug typical --relax --mt 2 -L xil_defaultlib -L unisims_ver -L unimacro_ver -L secureip --snapshot SignExtender_tb_behav xil_defaultlib.SignExtender_tb xil_defaultlib.glbl -log elaborate.log 
Using 2 slave threads.
Starting static elaboration
Pass Through NonSizing Optimizer
Completed static elaboration
Starting simulation data flow analysis
Completed simulation data flow analysis
Time Resolution for simulation is 1ps
Compiling module xil_defaultlib.SignExtender
Compiling module xil_defaultlib.SignExtender_tb
Compiling module xil_defaultlib.glbl
Built simulation snapshot SignExtender_tb_behav
ERROR: [Common 17-165] Too many positional options when parsing '-notrace', please type 'webtalk -help' for usage info.

run_program: Time (s): cpu = 00:00:00 ; elapsed = 00:00:07 . Memory (MB): peak = 1006.785 ; gain = 0.000
INFO: [USF-XSim-69] 'elaborate' step finished in '7' seconds
INFO: [USF-XSim-4] XSim::Simulate design
INFO: [USF-XSim-61] Executing 'SIMULATE' step in 'Z:/F - ECE 4612/SingleCycleProcessor/SingleCycleProcessor.sim/sim_1/behav/xsim'
INFO: [USF-XSim-98] *** Running xsim
   with args "SignExtender_tb_behav -key {Behavioral:sim_1:Functional:SignExtender_tb} -tclbatch {SignExtender_tb.tcl} -log {simulate.log}"
INFO: [USF-XSim-8] Loading simulator feature
Vivado Simulator 2020.2
ios_base::failbit set: iostream stream error
ERROR: [USF-XSim-62] 'simulate' step failed with errors. Please check the Tcl console or log files for more information.
ERROR: [Vivado 12-4473] Detected error while running simulation. Please correct the issue and retry this operation.
launch_simulation: Time (s): cpu = 00:00:01 ; elapsed = 00:00:12 . Memory (MB): peak = 1961.207 ; gain = 954.422
ERROR: [Common 17-39] 'launch_simulation' failed due to earlier errors.
INFO: [Simtcl 6-16] Simulation closed
launch_simulation
Command: launch_simulation 
INFO: [Vivado 12-5682] Launching behavioral simulation in 'Z:/F - ECE 4612/SingleCycleProcessor/SingleCycleProcessor.sim/sim_1/behav/xsim'
INFO: [SIM-utils-51] Simulation object is 'sim_1'
INFO: [SIM-utils-54] Inspecting design source files for 'SignExtender_tb' in fileset 'sim_1'...
INFO: [USF-XSim-97] Finding global include files...
INFO: [USF-XSim-100] Fetching design files from 'sources_1'...(this may take a while)...
INFO: [USF-XSim-101] Fetching design files from 'sim_1'...
INFO: [USF-XSim-2] XSim::Compile design
INFO: [USF-XSim-61] Executing 'COMPILE and ANALYZE' step in 'Z:/F - ECE 4612/SingleCycleProcessor/SingleCycleProcessor.sim/sim_1/behav/xsim'
"xvlog --incr --relax -prj SignExtender_tb_vlog.prj"
INFO: [VRFC 10-2263] Analyzing Verilog file "Z:/F - ECE 4612/SingleCycleProcessor/SingleCycleProcessor.srcs/sources_1/new/SignExtender.v" into library xil_defaultlib
INFO: [VRFC 10-311] analyzing module SignExtender
INFO: [VRFC 10-2263] Analyzing Verilog file "Z:/F - ECE 4612/SingleCycleProcessor/SingleCycleProcessor.srcs/sources_1/new/Adder16bit.v" into library xil_defaultlib
INFO: [VRFC 10-311] analyzing module Adder16bit
INFO: [VRFC 10-2263] Analyzing Verilog file "Z:/F - ECE 4612/SingleCycleProcessor/SingleCycleProcessor.srcs/sources_1/new/Adder4bit.v" into library xil_defaultlib
INFO: [VRFC 10-311] analyzing module Adder4bit
INFO: [VRFC 10-2263] Analyzing Verilog file "Z:/F - ECE 4612/SingleCycleProcessor/SingleCycleProcessor.srcs/sources_1/new/FullAdder.v" into library xil_defaultlib
INFO: [VRFC 10-311] analyzing module FullAdder
INFO: [VRFC 10-2263] Analyzing Verilog file "Z:/F - ECE 4612/SingleCycleProcessor/SingleCycleProcessor.srcs/sources_1/new/HalfAdder.v" into library xil_defaultlib
INFO: [VRFC 10-311] analyzing module HalfAdder
INFO: [VRFC 10-2263] Analyzing Verilog file "Z:/F - ECE 4612/SingleCycleProcessor/SingleCycleProcessor.srcs/sources_1/new/Adder32bit.v" into library xil_defaultlib
INFO: [VRFC 10-311] analyzing module Adder32bit
INFO: [VRFC 10-2263] Analyzing Verilog file "Z:/F - ECE 4612/SingleCycleProcessor/SingleCycleProcessor.srcs/sources_1/new/Mux2to1.v" into library xil_defaultlib
INFO: [VRFC 10-311] analyzing module Mux2to1
INFO: [VRFC 10-2263] Analyzing Verilog file "Z:/F - ECE 4612/SingleCycleProcessor/SingleCycleProcessor.srcs/sim_1/new/Mux2to1_tb.v" into library xil_defaultlib
INFO: [VRFC 10-311] analyzing module Mux2to1_tb
INFO: [VRFC 10-2263] Analyzing Verilog file "Z:/F - ECE 4612/SingleCycleProcessor/SingleCycleProcessor.srcs/sim_1/new/Adder16bit_tb.v" into library xil_defaultlib
INFO: [VRFC 10-311] analyzing module Adder16bit_tb
INFO: [VRFC 10-2263] Analyzing Verilog file "Z:/F - ECE 4612/SingleCycleProcessor/SingleCycleProcessor.srcs/sim_1/new/Adder32bit_tb.v" into library xil_defaultlib
INFO: [VRFC 10-311] analyzing module Adder32bit_tb
INFO: [VRFC 10-2263] Analyzing Verilog file "Z:/F - ECE 4612/SingleCycleProcessor/SingleCycleProcessor.srcs/sim_1/new/Adder4bit_tb.v" into library xil_defaultlib
INFO: [VRFC 10-311] analyzing module Adder4bit_tb
INFO: [VRFC 10-2263] Analyzing Verilog file "Z:/F - ECE 4612/SingleCycleProcessor/SingleCycleProcessor.srcs/sim_1/new/FullAdder_tb.v" into library xil_defaultlib
INFO: [VRFC 10-311] analyzing module FullAdder_tb
INFO: [VRFC 10-2263] Analyzing Verilog file "Z:/F - ECE 4612/SingleCycleProcessor/SingleCycleProcessor.srcs/sim_1/new/HalfAdder_tb.v" into library xil_defaultlib
INFO: [VRFC 10-311] analyzing module HalfAdder_tb
INFO: [VRFC 10-2263] Analyzing Verilog file "Z:/F - ECE 4612/SingleCycleProcessor/SingleCycleProcessor.srcs/sim_1/new/SignExtender_tb.v" into library xil_defaultlib
INFO: [VRFC 10-311] analyzing module SignExtender_tb
INFO: [USF-XSim-69] 'compile' step finished in '2' seconds
INFO: [USF-XSim-3] XSim::Elaborate design
INFO: [USF-XSim-61] Executing 'ELABORATE' step in 'Z:/F - ECE 4612/SingleCycleProcessor/SingleCycleProcessor.sim/sim_1/behav/xsim'
"xelab -wto c61ec431e6874e3bba603f8e13e90667 --incr --debug typical --relax --mt 2 -L xil_defaultlib -L unisims_ver -L unimacro_ver -L secureip --snapshot SignExtender_tb_behav xil_defaultlib.SignExtender_tb xil_defaultlib.glbl -log elaborate.log"
Vivado Simulator 2020.2
Copyright 1986-1999, 2001-2020 Xilinx, Inc. All Rights Reserved.
Running: C:/Xilinx/Vivado/2020.2/bin/unwrapped/win64.o/xelab.exe -wto c61ec431e6874e3bba603f8e13e90667 --incr --debug typical --relax --mt 2 -L xil_defaultlib -L unisims_ver -L unimacro_ver -L secureip --snapshot SignExtender_tb_behav xil_defaultlib.SignExtender_tb xil_defaultlib.glbl -log elaborate.log 
Using 2 slave threads.
Starting static elaboration
Pass Through NonSizing Optimizer
Completed static elaboration
Starting simulation data flow analysis
Completed simulation data flow analysis
Time Resolution for simulation is 1ps
Compiling module xil_defaultlib.SignExtender
Compiling module xil_defaultlib.SignExtender_tb
Compiling module xil_defaultlib.glbl
Built simulation snapshot SignExtender_tb_behav
INFO: [USF-XSim-69] 'elaborate' step finished in '4' seconds
INFO: [USF-XSim-4] XSim::Simulate design
INFO: [USF-XSim-61] Executing 'SIMULATE' step in 'Z:/F - ECE 4612/SingleCycleProcessor/SingleCycleProcessor.sim/sim_1/behav/xsim'
INFO: [USF-XSim-98] *** Running xsim
   with args "SignExtender_tb_behav -key {Behavioral:sim_1:Functional:SignExtender_tb} -tclbatch {SignExtender_tb.tcl} -log {simulate.log}"
INFO: [USF-XSim-8] Loading simulator feature
Vivado Simulator 2020.2
Time resolution is 1 ps
source SignExtender_tb.tcl
# set curr_wave [current_wave_config]
# if { [string length $curr_wave] == 0 } {
#   if { [llength [get_objects]] > 0} {
#     add_wave /
#     set_property needs_save false [current_wave_config]
#   } else {
#      send_msg_id Add_Wave-1 WARNING "No top level signals found. Simulator will start without a wave window. If you want to open a wave window go to 'File->New Waveform Configuration' or type 'create_wave_config' in the TCL console."
#   }
# }
# run 1000ns
$finish called at time : 30 ns : File "Z:/F - ECE 4612/SingleCycleProcessor/SingleCycleProcessor.srcs/sim_1/new/SignExtender_tb.v" Line 23
INFO: [USF-XSim-96] XSim completed. Design snapshot 'SignExtender_tb_behav' loaded.
INFO: [USF-XSim-97] XSim simulation ran for 1000ns
launch_simulation: Time (s): cpu = 00:00:05 ; elapsed = 00:00:09 . Memory (MB): peak = 1994.148 ; gain = 7.195
close_sim
INFO: [Simtcl 6-16] Simulation closed
launch_simulation
Command: launch_simulation 
INFO: [Vivado 12-5682] Launching behavioral simulation in 'Z:/F - ECE 4612/SingleCycleProcessor/SingleCycleProcessor.sim/sim_1/behav/xsim'
INFO: [SIM-utils-51] Simulation object is 'sim_1'
INFO: [SIM-utils-54] Inspecting design source files for 'SignExtender_tb' in fileset 'sim_1'...
INFO: [USF-XSim-97] Finding global include files...
INFO: [USF-XSim-100] Fetching design files from 'sources_1'...(this may take a while)...
INFO: [USF-XSim-101] Fetching design files from 'sim_1'...
INFO: [USF-XSim-2] XSim::Compile design
INFO: [USF-XSim-61] Executing 'COMPILE and ANALYZE' step in 'Z:/F - ECE 4612/SingleCycleProcessor/SingleCycleProcessor.sim/sim_1/behav/xsim'
"xvlog --incr --relax -prj SignExtender_tb_vlog.prj"
INFO: [VRFC 10-2263] Analyzing Verilog file "Z:/F - ECE 4612/SingleCycleProcessor/SingleCycleProcessor.srcs/sources_1/new/SignExtender.v" into library xil_defaultlib
INFO: [VRFC 10-311] analyzing module SignExtender
INFO: [VRFC 10-2263] Analyzing Verilog file "Z:/F - ECE 4612/SingleCycleProcessor/SingleCycleProcessor.srcs/sources_1/new/Adder16bit.v" into library xil_defaultlib
INFO: [VRFC 10-311] analyzing module Adder16bit
INFO: [VRFC 10-2263] Analyzing Verilog file "Z:/F - ECE 4612/SingleCycleProcessor/SingleCycleProcessor.srcs/sources_1/new/Adder4bit.v" into library xil_defaultlib
INFO: [VRFC 10-311] analyzing module Adder4bit
INFO: [VRFC 10-2263] Analyzing Verilog file "Z:/F - ECE 4612/SingleCycleProcessor/SingleCycleProcessor.srcs/sources_1/new/FullAdder.v" into library xil_defaultlib
INFO: [VRFC 10-311] analyzing module FullAdder
INFO: [VRFC 10-2263] Analyzing Verilog file "Z:/F - ECE 4612/SingleCycleProcessor/SingleCycleProcessor.srcs/sources_1/new/HalfAdder.v" into library xil_defaultlib
INFO: [VRFC 10-311] analyzing module HalfAdder
INFO: [VRFC 10-2263] Analyzing Verilog file "Z:/F - ECE 4612/SingleCycleProcessor/SingleCycleProcessor.srcs/sources_1/new/Adder32bit.v" into library xil_defaultlib
INFO: [VRFC 10-311] analyzing module Adder32bit
INFO: [VRFC 10-2263] Analyzing Verilog file "Z:/F - ECE 4612/SingleCycleProcessor/SingleCycleProcessor.srcs/sources_1/new/Mux2to1.v" into library xil_defaultlib
INFO: [VRFC 10-311] analyzing module Mux2to1
INFO: [VRFC 10-2263] Analyzing Verilog file "Z:/F - ECE 4612/SingleCycleProcessor/SingleCycleProcessor.srcs/sim_1/new/Mux2to1_tb.v" into library xil_defaultlib
INFO: [VRFC 10-311] analyzing module Mux2to1_tb
INFO: [VRFC 10-2263] Analyzing Verilog file "Z:/F - ECE 4612/SingleCycleProcessor/SingleCycleProcessor.srcs/sim_1/new/Adder16bit_tb.v" into library xil_defaultlib
INFO: [VRFC 10-311] analyzing module Adder16bit_tb
INFO: [VRFC 10-2263] Analyzing Verilog file "Z:/F - ECE 4612/SingleCycleProcessor/SingleCycleProcessor.srcs/sim_1/new/Adder32bit_tb.v" into library xil_defaultlib
INFO: [VRFC 10-311] analyzing module Adder32bit_tb
INFO: [VRFC 10-2263] Analyzing Verilog file "Z:/F - ECE 4612/SingleCycleProcessor/SingleCycleProcessor.srcs/sim_1/new/Adder4bit_tb.v" into library xil_defaultlib
INFO: [VRFC 10-311] analyzing module Adder4bit_tb
INFO: [VRFC 10-2263] Analyzing Verilog file "Z:/F - ECE 4612/SingleCycleProcessor/SingleCycleProcessor.srcs/sim_1/new/FullAdder_tb.v" into library xil_defaultlib
INFO: [VRFC 10-311] analyzing module FullAdder_tb
INFO: [VRFC 10-2263] Analyzing Verilog file "Z:/F - ECE 4612/SingleCycleProcessor/SingleCycleProcessor.srcs/sim_1/new/HalfAdder_tb.v" into library xil_defaultlib
INFO: [VRFC 10-311] analyzing module HalfAdder_tb
INFO: [VRFC 10-2263] Analyzing Verilog file "Z:/F - ECE 4612/SingleCycleProcessor/SingleCycleProcessor.srcs/sim_1/new/SignExtender_tb.v" into library xil_defaultlib
INFO: [VRFC 10-311] analyzing module SignExtender_tb
INFO: [USF-XSim-69] 'compile' step finished in '2' seconds
INFO: [USF-XSim-3] XSim::Elaborate design
INFO: [USF-XSim-61] Executing 'ELABORATE' step in 'Z:/F - ECE 4612/SingleCycleProcessor/SingleCycleProcessor.sim/sim_1/behav/xsim'
"xelab -wto c61ec431e6874e3bba603f8e13e90667 --incr --debug typical --relax --mt 2 -L xil_defaultlib -L unisims_ver -L unimacro_ver -L secureip --snapshot SignExtender_tb_behav xil_defaultlib.SignExtender_tb xil_defaultlib.glbl -log elaborate.log"
Vivado Simulator 2020.2
Copyright 1986-1999, 2001-2020 Xilinx, Inc. All Rights Reserved.
Running: C:/Xilinx/Vivado/2020.2/bin/unwrapped/win64.o/xelab.exe -wto c61ec431e6874e3bba603f8e13e90667 --incr --debug typical --relax --mt 2 -L xil_defaultlib -L unisims_ver -L unimacro_ver -L secureip --snapshot SignExtender_tb_behav xil_defaultlib.SignExtender_tb xil_defaultlib.glbl -log elaborate.log 
Using 2 slave threads.
Starting static elaboration
Pass Through NonSizing Optimizer
Completed static elaboration
Starting simulation data flow analysis
Completed simulation data flow analysis
Time Resolution for simulation is 1ps
Compiling module xil_defaultlib.SignExtender
Compiling module xil_defaultlib.SignExtender_tb
Compiling module xil_defaultlib.glbl
Built simulation snapshot SignExtender_tb_behav
INFO: [USF-XSim-69] 'elaborate' step finished in '3' seconds
INFO: [USF-XSim-4] XSim::Simulate design
INFO: [USF-XSim-61] Executing 'SIMULATE' step in 'Z:/F - ECE 4612/SingleCycleProcessor/SingleCycleProcessor.sim/sim_1/behav/xsim'
INFO: [USF-XSim-98] *** Running xsim
   with args "SignExtender_tb_behav -key {Behavioral:sim_1:Functional:SignExtender_tb} -tclbatch {SignExtender_tb.tcl} -log {simulate.log}"
INFO: [USF-XSim-8] Loading simulator feature
Vivado Simulator 2020.2
Time resolution is 1 ps
source SignExtender_tb.tcl
# set curr_wave [current_wave_config]
# if { [string length $curr_wave] == 0 } {
#   if { [llength [get_objects]] > 0} {
#     add_wave /
#     set_property needs_save false [current_wave_config]
#   } else {
#      send_msg_id Add_Wave-1 WARNING "No top level signals found. Simulator will start without a wave window. If you want to open a wave window go to 'File->New Waveform Configuration' or type 'create_wave_config' in the TCL console."
#   }
# }
# run 1000ns
$finish called at time : 30 ns : File "Z:/F - ECE 4612/SingleCycleProcessor/SingleCycleProcessor.srcs/sim_1/new/SignExtender_tb.v" Line 23
INFO: [USF-XSim-96] XSim completed. Design snapshot 'SignExtender_tb_behav' loaded.
INFO: [USF-XSim-97] XSim simulation ran for 1000ns
launch_simulation: Time (s): cpu = 00:00:04 ; elapsed = 00:00:09 . Memory (MB): peak = 1999.543 ; gain = 0.000
close_sim
INFO: [Simtcl 6-16] Simulation closed
synth_design -rtl -rtl_skip_mlo -name rtl_1
Command: synth_design -rtl -rtl_skip_mlo -name rtl_1
Starting synth_design
Using part: xc7z020clg484-1
Top: SignExtender
INFO: [Device 21-403] Loading part xc7z020clg484-1
---------------------------------------------------------------------------------
Starting RTL Elaboration : Time (s): cpu = 00:00:05 ; elapsed = 00:00:05 . Memory (MB): peak = 2566.680 ; gain = 251.762
---------------------------------------------------------------------------------
INFO: [Synth 8-6157] synthesizing module 'SignExtender' [Z:/F - ECE 4612/SingleCycleProcessor/SingleCycleProcessor.srcs/sources_1/new/SignExtender.v:13]
INFO: [Synth 8-6155] done synthesizing module 'SignExtender' (1#1) [Z:/F - ECE 4612/SingleCycleProcessor/SingleCycleProcessor.srcs/sources_1/new/SignExtender.v:13]
---------------------------------------------------------------------------------
Finished RTL Elaboration : Time (s): cpu = 00:00:06 ; elapsed = 00:00:07 . Memory (MB): peak = 2643.816 ; gain = 328.898
---------------------------------------------------------------------------------
---------------------------------------------------------------------------------
Start Handling Custom Attributes
---------------------------------------------------------------------------------
---------------------------------------------------------------------------------
Finished Handling Custom Attributes : Time (s): cpu = 00:00:07 ; elapsed = 00:00:08 . Memory (MB): peak = 2643.816 ; gain = 328.898
---------------------------------------------------------------------------------
---------------------------------------------------------------------------------
Finished RTL Optimization Phase 1 : Time (s): cpu = 00:00:07 ; elapsed = 00:00:08 . Memory (MB): peak = 2643.816 ; gain = 328.898
---------------------------------------------------------------------------------
Netlist sorting complete. Time (s): cpu = 00:00:00 ; elapsed = 00:00:00 . Memory (MB): peak = 2643.816 ; gain = 0.000
INFO: [Project 1-570] Preparing netlist for logic optimization

Processing XDC Constraints
Initializing timing engine
Completed Processing XDC Constraints

Netlist sorting complete. Time (s): cpu = 00:00:00 ; elapsed = 00:00:00 . Memory (MB): peak = 2647.672 ; gain = 0.000
INFO: [Project 1-111] Unisim Transformation Summary:
No Unisim elements were transformed.

RTL Elaboration Complete:  : Time (s): cpu = 00:00:14 ; elapsed = 00:00:13 . Memory (MB): peak = 2784.715 ; gain = 469.797
5 Infos, 0 Warnings, 0 Critical Warnings and 0 Errors encountered.
synth_design completed successfully
synth_design: Time (s): cpu = 00:00:20 ; elapsed = 00:00:27 . Memory (MB): peak = 2784.715 ; gain = 785.172
close_design
exit
INFO: [Common 17-206] Exiting Vivado at Tue Oct 26 19:04:28 2021...
