#-----------------------------------------------------------
# Vivado v2020.2 (64-bit)
# SW Build 3064766 on Wed Nov 18 09:12:45 MST 2020
# IP Build 3064653 on Wed Nov 18 14:17:31 MST 2020
# Start of session at: Wed Nov 17 16:13:11 2021
# Process ID: 3812
# Current directory: C:/Users/rktli/Documents/GitHub/TU-ECE-4612-Advanced-Processor-Systems/SingleCycleProcessor
# Command line: vivado.exe -gui_launcher_event rodinguilauncherevent2692 C:\Users\rktli\Documents\GitHub\TU-ECE-4612-Advanced-Processor-Systems\SingleCycleProcessor\SingleCycleProcessor.xpr
# Log file: C:/Users/rktli/Documents/GitHub/TU-ECE-4612-Advanced-Processor-Systems/SingleCycleProcessor/vivado.log
# Journal file: C:/Users/rktli/Documents/GitHub/TU-ECE-4612-Advanced-Processor-Systems/SingleCycleProcessor\vivado.jou
#-----------------------------------------------------------
start_gui
open_project C:/Users/rktli/Documents/GitHub/TU-ECE-4612-Advanced-Processor-Systems/SingleCycleProcessor/SingleCycleProcessor.xpr
INFO: [ProjectBase 1-489] The host OS only allows 260 characters in a normal path. The project is stored in a path with more than 80 characters. If you experience issues with IP, Block Designs, or files not being found, please consider moving the project to a location with a shorter path. Alternately consider using the OS subst command to map part of the path to a drive letter.
Current project path is 'C:/Users/rktli/Documents/GitHub/TU-ECE-4612-Advanced-Processor-Systems/SingleCycleProcessor'
WARNING: [filemgmt 56-3] Default IP Output Path : Could not find the directory 'C:/Users/rktli/Documents/GitHub/TU-ECE-4612-Advanced-Processor-Systems/SingleCycleProcessor/SingleCycleProcessor.gen/sources_1'.
Scanning sources...
Finished scanning sources
INFO: [IP_Flow 19-234] Refreshing IP repositories
INFO: [IP_Flow 19-1704] No user IP repositories specified
INFO: [IP_Flow 19-2313] Loaded Vivado IP repository 'C:/Xilinx/Vivado/2020.2/data/ip'.
open_project: Time (s): cpu = 00:00:10 ; elapsed = 00:00:10 . Memory (MB): peak = 1005.320 ; gain = 0.000
close [ open C:/Users/rktli/Documents/GitHub/TU-ECE-4612-Advanced-Processor-Systems/SingleCycleProcessor/SingleCycleProcessor.srcs/sources_1/new/DataMemory.v w ]
add_files C:/Users/rktli/Documents/GitHub/TU-ECE-4612-Advanced-Processor-Systems/SingleCycleProcessor/SingleCycleProcessor.srcs/sources_1/new/DataMemory.v
set_property top DataMemory [current_fileset]
set_property SOURCE_SET sources_1 [get_filesets sim_1]
close [ open C:/Users/rktli/Documents/GitHub/TU-ECE-4612-Advanced-Processor-Systems/SingleCycleProcessor/SingleCycleProcessor.srcs/sim_1/new/DataMemory_tb.v w ]
add_files -fileset sim_1 C:/Users/rktli/Documents/GitHub/TU-ECE-4612-Advanced-Processor-Systems/SingleCycleProcessor/SingleCycleProcessor.srcs/sim_1/new/DataMemory_tb.v
set_property top DataMemory_tb [get_filesets sim_1]
set_property top_lib xil_defaultlib [get_filesets sim_1]
launch_simulation
Command: launch_simulation 
INFO: [Vivado 12-5682] Launching behavioral simulation in 'C:/Users/rktli/Documents/GitHub/TU-ECE-4612-Advanced-Processor-Systems/SingleCycleProcessor/SingleCycleProcessor.sim/sim_1/behav/xsim'
INFO: [SIM-utils-51] Simulation object is 'sim_1'
INFO: [SIM-utils-54] Inspecting design source files for 'DataMemory_tb' in fileset 'sim_1'...
INFO: [USF-XSim-97] Finding global include files...
INFO: [USF-XSim-100] Fetching design files from 'sources_1'...(this may take a while)...
INFO: [USF-XSim-101] Fetching design files from 'sim_1'...
INFO: [USF-XSim-2] XSim::Compile design
INFO: [USF-XSim-61] Executing 'COMPILE and ANALYZE' step in 'C:/Users/rktli/Documents/GitHub/TU-ECE-4612-Advanced-Processor-Systems/SingleCycleProcessor/SingleCycleProcessor.sim/sim_1/behav/xsim'
"xvlog --incr --relax -prj DataMemory_tb_vlog.prj"
INFO: [VRFC 10-2263] Analyzing Verilog file "C:/Users/rktli/Documents/GitHub/TU-ECE-4612-Advanced-Processor-Systems/SingleCycleProcessor/SingleCycleProcessor.srcs/sources_1/new/SignExtender.v" into library xil_defaultlib
INFO: [VRFC 10-311] analyzing module SignExtender
INFO: [VRFC 10-2263] Analyzing Verilog file "C:/Users/rktli/Documents/GitHub/TU-ECE-4612-Advanced-Processor-Systems/SingleCycleProcessor/SingleCycleProcessor.srcs/sources_1/new/Adder16bit.v" into library xil_defaultlib
INFO: [VRFC 10-311] analyzing module Adder16bit
INFO: [VRFC 10-2263] Analyzing Verilog file "C:/Users/rktli/Documents/GitHub/TU-ECE-4612-Advanced-Processor-Systems/SingleCycleProcessor/SingleCycleProcessor.srcs/sources_1/new/Adder4bit.v" into library xil_defaultlib
INFO: [VRFC 10-311] analyzing module Adder4bit
INFO: [VRFC 10-2263] Analyzing Verilog file "C:/Users/rktli/Documents/GitHub/TU-ECE-4612-Advanced-Processor-Systems/SingleCycleProcessor/SingleCycleProcessor.srcs/sources_1/new/FullAdder.v" into library xil_defaultlib
INFO: [VRFC 10-311] analyzing module FullAdder
INFO: [VRFC 10-2263] Analyzing Verilog file "C:/Users/rktli/Documents/GitHub/TU-ECE-4612-Advanced-Processor-Systems/SingleCycleProcessor/SingleCycleProcessor.srcs/sources_1/new/HalfAdder.v" into library xil_defaultlib
INFO: [VRFC 10-311] analyzing module HalfAdder
INFO: [VRFC 10-2263] Analyzing Verilog file "C:/Users/rktli/Documents/GitHub/TU-ECE-4612-Advanced-Processor-Systems/SingleCycleProcessor/SingleCycleProcessor.srcs/sources_1/new/Adder32bit.v" into library xil_defaultlib
INFO: [VRFC 10-311] analyzing module Adder32bit
INFO: [VRFC 10-2263] Analyzing Verilog file "C:/Users/rktli/Documents/GitHub/TU-ECE-4612-Advanced-Processor-Systems/SingleCycleProcessor/SingleCycleProcessor.srcs/sources_1/new/Mux2to1.v" into library xil_defaultlib
INFO: [VRFC 10-311] analyzing module Mux2to1
INFO: [VRFC 10-2263] Analyzing Verilog file "C:/Users/rktli/Documents/GitHub/TU-ECE-4612-Advanced-Processor-Systems/SingleCycleProcessor/SingleCycleProcessor.srcs/sources_1/new/LeftShifter.v" into library xil_defaultlib
INFO: [VRFC 10-311] analyzing module LeftShifter
INFO: [VRFC 10-2263] Analyzing Verilog file "C:/Users/rktli/Documents/GitHub/TU-ECE-4612-Advanced-Processor-Systems/SingleCycleProcessor/SingleCycleProcessor.srcs/sources_1/new/SignedAdder32bit.v" into library xil_defaultlib
INFO: [VRFC 10-311] analyzing module SignedAdder32bit
INFO: [VRFC 10-2263] Analyzing Verilog file "C:/Users/rktli/Documents/GitHub/TU-ECE-4612-Advanced-Processor-Systems/SingleCycleProcessor/SingleCycleProcessor.srcs/sources_1/new/DataMemory.v" into library xil_defaultlib
INFO: [VRFC 10-311] analyzing module DataMemory
INFO: [VRFC 10-2263] Analyzing Verilog file "C:/Users/rktli/Documents/GitHub/TU-ECE-4612-Advanced-Processor-Systems/SingleCycleProcessor/SingleCycleProcessor.srcs/sim_1/new/Mux2to1_tb.v" into library xil_defaultlib
INFO: [VRFC 10-311] analyzing module Mux2to1_tb
INFO: [VRFC 10-2263] Analyzing Verilog file "C:/Users/rktli/Documents/GitHub/TU-ECE-4612-Advanced-Processor-Systems/SingleCycleProcessor/SingleCycleProcessor.srcs/sim_1/new/Adder16bit_tb.v" into library xil_defaultlib
INFO: [VRFC 10-311] analyzing module Adder16bit_tb
INFO: [VRFC 10-2263] Analyzing Verilog file "C:/Users/rktli/Documents/GitHub/TU-ECE-4612-Advanced-Processor-Systems/SingleCycleProcessor/SingleCycleProcessor.srcs/sim_1/new/Adder32bit_tb.v" into library xil_defaultlib
INFO: [VRFC 10-311] analyzing module Adder32bit_tb
INFO: [VRFC 10-2263] Analyzing Verilog file "C:/Users/rktli/Documents/GitHub/TU-ECE-4612-Advanced-Processor-Systems/SingleCycleProcessor/SingleCycleProcessor.srcs/sim_1/new/Adder4bit_tb.v" into library xil_defaultlib
INFO: [VRFC 10-311] analyzing module Adder4bit_tb
INFO: [VRFC 10-2263] Analyzing Verilog file "C:/Users/rktli/Documents/GitHub/TU-ECE-4612-Advanced-Processor-Systems/SingleCycleProcessor/SingleCycleProcessor.srcs/sim_1/new/FullAdder_tb.v" into library xil_defaultlib
INFO: [VRFC 10-311] analyzing module FullAdder_tb
INFO: [VRFC 10-2263] Analyzing Verilog file "C:/Users/rktli/Documents/GitHub/TU-ECE-4612-Advanced-Processor-Systems/SingleCycleProcessor/SingleCycleProcessor.srcs/sim_1/new/HalfAdder_tb.v" into library xil_defaultlib
INFO: [VRFC 10-311] analyzing module HalfAdder_tb
INFO: [VRFC 10-2263] Analyzing Verilog file "C:/Users/rktli/Documents/GitHub/TU-ECE-4612-Advanced-Processor-Systems/SingleCycleProcessor/SingleCycleProcessor.srcs/sim_1/new/SignExtender_tb.v" into library xil_defaultlib
INFO: [VRFC 10-311] analyzing module SignExtender_tb
INFO: [VRFC 10-2263] Analyzing Verilog file "C:/Users/rktli/Documents/GitHub/TU-ECE-4612-Advanced-Processor-Systems/SingleCycleProcessor/SingleCycleProcessor.srcs/sim_1/new/LeftShifter_tb.v" into library xil_defaultlib
INFO: [VRFC 10-311] analyzing module LeftShifter_tb
INFO: [VRFC 10-2263] Analyzing Verilog file "C:/Users/rktli/Documents/GitHub/TU-ECE-4612-Advanced-Processor-Systems/SingleCycleProcessor/SingleCycleProcessor.srcs/sim_1/new/SignedAdder32bit_tb.v" into library xil_defaultlib
INFO: [VRFC 10-311] analyzing module SignedAdder32bit_tb
WARNING: [VRFC 10-2581] 2147483648 as 32-bit signed integer overflows, using -2147483648 instead [C:/Users/rktli/Documents/GitHub/TU-ECE-4612-Advanced-Processor-Systems/SingleCycleProcessor/SingleCycleProcessor.srcs/sim_1/new/SignedAdder32bit_tb.v:35]
INFO: [VRFC 10-2263] Analyzing Verilog file "C:/Users/rktli/Documents/GitHub/TU-ECE-4612-Advanced-Processor-Systems/SingleCycleProcessor/SingleCycleProcessor.srcs/sim_1/new/DataMemory_tb.v" into library xil_defaultlib
INFO: [VRFC 10-311] analyzing module DataMemory_tb
INFO: [USF-XSim-69] 'compile' step finished in '3' seconds
INFO: [USF-XSim-3] XSim::Elaborate design
INFO: [USF-XSim-61] Executing 'ELABORATE' step in 'C:/Users/rktli/Documents/GitHub/TU-ECE-4612-Advanced-Processor-Systems/SingleCycleProcessor/SingleCycleProcessor.sim/sim_1/behav/xsim'
"xelab -wto c61ec431e6874e3bba603f8e13e90667 --incr --debug typical --relax --mt 2 -L xil_defaultlib -L unisims_ver -L unimacro_ver -L secureip --snapshot DataMemory_tb_behav xil_defaultlib.DataMemory_tb xil_defaultlib.glbl -log elaborate.log"
Vivado Simulator 2020.2
Copyright 1986-1999, 2001-2020 Xilinx, Inc. All Rights Reserved.
Running: C:/Xilinx/Vivado/2020.2/bin/unwrapped/win64.o/xelab.exe -wto c61ec431e6874e3bba603f8e13e90667 --incr --debug typical --relax --mt 2 -L xil_defaultlib -L unisims_ver -L unimacro_ver -L secureip --snapshot DataMemory_tb_behav xil_defaultlib.DataMemory_tb xil_defaultlib.glbl -log elaborate.log 
Using 2 slave threads.
Starting static elaboration
Pass Through NonSizing Optimizer
Completed static elaboration
Starting simulation data flow analysis
Completed simulation data flow analysis
Time Resolution for simulation is 1ps
Compiling module xil_defaultlib.DataMemory
Compiling module xil_defaultlib.DataMemory_tb
Compiling module xil_defaultlib.glbl
Built simulation snapshot DataMemory_tb_behav

****** Webtalk v2020.2 (64-bit)
  **** SW Build 3064766 on Wed Nov 18 09:12:45 MST 2020
  **** IP Build 3064653 on Wed Nov 18 14:17:31 MST 2020
    ** Copyright 1986-2020 Xilinx, Inc. All Rights Reserved.

source C:/Users/rktli/Documents/GitHub/TU-ECE-4612-Advanced-Processor-Systems/SingleCycleProcessor/SingleCycleProcessor.sim/sim_1/behav/xsim/xsim.dir/DataMemory_tb_behav/webtalk/xsim_webtalk.tcl -notrace
INFO: [Common 17-186] 'C:/Users/rktli/Documents/GitHub/TU-ECE-4612-Advanced-Processor-Systems/SingleCycleProcessor/SingleCycleProcessor.sim/sim_1/behav/xsim/xsim.dir/DataMemory_tb_behav/webtalk/usage_statistics_ext_xsim.xml' has been successfully sent to Xilinx on Wed Nov 17 17:15:22 2021. For additional details about this file, please refer to the WebTalk help file at C:/Xilinx/Vivado/2020.2/doc/webtalk_introduction.html.
webtalk_transmit: Time (s): cpu = 00:00:00 ; elapsed = 00:00:10 . Memory (MB): peak = 98.758 ; gain = 0.000
INFO: [Common 17-206] Exiting Webtalk at Wed Nov 17 17:15:22 2021...
run_program: Time (s): cpu = 00:00:01 ; elapsed = 00:00:16 . Memory (MB): peak = 1005.320 ; gain = 0.000
INFO: [USF-XSim-69] 'elaborate' step finished in '16' seconds
INFO: [USF-XSim-4] XSim::Simulate design
INFO: [USF-XSim-61] Executing 'SIMULATE' step in 'C:/Users/rktli/Documents/GitHub/TU-ECE-4612-Advanced-Processor-Systems/SingleCycleProcessor/SingleCycleProcessor.sim/sim_1/behav/xsim'
INFO: [USF-XSim-98] *** Running xsim
   with args "DataMemory_tb_behav -key {Behavioral:sim_1:Functional:DataMemory_tb} -tclbatch {DataMemory_tb.tcl} -log {simulate.log}"
INFO: [USF-XSim-8] Loading simulator feature
Vivado Simulator 2020.2
Time resolution is 1 ps
source DataMemory_tb.tcl
# set curr_wave [current_wave_config]
# if { [string length $curr_wave] == 0 } {
#   if { [llength [get_objects]] > 0} {
#     add_wave /
#     set_property needs_save false [current_wave_config]
#   } else {
#      send_msg_id Add_Wave-1 WARNING "No top level signals found. Simulator will start without a wave window. If you want to open a wave window go to 'File->New Waveform Configuration' or type 'create_wave_config' in the TCL console."
#   }
# }
# run 1000ns
INFO: [USF-XSim-96] XSim completed. Design snapshot 'DataMemory_tb_behav' loaded.
INFO: [USF-XSim-97] XSim simulation ran for 1000ns
launch_simulation: Time (s): cpu = 00:00:08 ; elapsed = 00:00:25 . Memory (MB): peak = 1005.320 ; gain = 0.000
run all
close_sim
INFO: [Simtcl 6-16] Simulation closed
close_sim: Time (s): cpu = 00:00:04 ; elapsed = 00:00:14 . Memory (MB): peak = 1005.320 ; gain = 0.000
launch_simulation
Command: launch_simulation 
INFO: [Vivado 12-5682] Launching behavioral simulation in 'C:/Users/rktli/Documents/GitHub/TU-ECE-4612-Advanced-Processor-Systems/SingleCycleProcessor/SingleCycleProcessor.sim/sim_1/behav/xsim'
INFO: [SIM-utils-51] Simulation object is 'sim_1'
INFO: [SIM-utils-54] Inspecting design source files for 'DataMemory_tb' in fileset 'sim_1'...
INFO: [USF-XSim-97] Finding global include files...
INFO: [USF-XSim-100] Fetching design files from 'sources_1'...(this may take a while)...
INFO: [USF-XSim-101] Fetching design files from 'sim_1'...
INFO: [USF-XSim-2] XSim::Compile design
INFO: [USF-XSim-61] Executing 'COMPILE and ANALYZE' step in 'C:/Users/rktli/Documents/GitHub/TU-ECE-4612-Advanced-Processor-Systems/SingleCycleProcessor/SingleCycleProcessor.sim/sim_1/behav/xsim'
"xvlog --incr --relax -prj DataMemory_tb_vlog.prj"
INFO: [VRFC 10-2263] Analyzing Verilog file "C:/Users/rktli/Documents/GitHub/TU-ECE-4612-Advanced-Processor-Systems/SingleCycleProcessor/SingleCycleProcessor.srcs/sources_1/new/SignExtender.v" into library xil_defaultlib
INFO: [VRFC 10-311] analyzing module SignExtender
INFO: [VRFC 10-2263] Analyzing Verilog file "C:/Users/rktli/Documents/GitHub/TU-ECE-4612-Advanced-Processor-Systems/SingleCycleProcessor/SingleCycleProcessor.srcs/sources_1/new/Adder16bit.v" into library xil_defaultlib
INFO: [VRFC 10-311] analyzing module Adder16bit
INFO: [VRFC 10-2263] Analyzing Verilog file "C:/Users/rktli/Documents/GitHub/TU-ECE-4612-Advanced-Processor-Systems/SingleCycleProcessor/SingleCycleProcessor.srcs/sources_1/new/Adder4bit.v" into library xil_defaultlib
INFO: [VRFC 10-311] analyzing module Adder4bit
INFO: [VRFC 10-2263] Analyzing Verilog file "C:/Users/rktli/Documents/GitHub/TU-ECE-4612-Advanced-Processor-Systems/SingleCycleProcessor/SingleCycleProcessor.srcs/sources_1/new/FullAdder.v" into library xil_defaultlib
INFO: [VRFC 10-311] analyzing module FullAdder
INFO: [VRFC 10-2263] Analyzing Verilog file "C:/Users/rktli/Documents/GitHub/TU-ECE-4612-Advanced-Processor-Systems/SingleCycleProcessor/SingleCycleProcessor.srcs/sources_1/new/HalfAdder.v" into library xil_defaultlib
INFO: [VRFC 10-311] analyzing module HalfAdder
INFO: [VRFC 10-2263] Analyzing Verilog file "C:/Users/rktli/Documents/GitHub/TU-ECE-4612-Advanced-Processor-Systems/SingleCycleProcessor/SingleCycleProcessor.srcs/sources_1/new/Adder32bit.v" into library xil_defaultlib
INFO: [VRFC 10-311] analyzing module Adder32bit
INFO: [VRFC 10-2263] Analyzing Verilog file "C:/Users/rktli/Documents/GitHub/TU-ECE-4612-Advanced-Processor-Systems/SingleCycleProcessor/SingleCycleProcessor.srcs/sources_1/new/Mux2to1.v" into library xil_defaultlib
INFO: [VRFC 10-311] analyzing module Mux2to1
INFO: [VRFC 10-2263] Analyzing Verilog file "C:/Users/rktli/Documents/GitHub/TU-ECE-4612-Advanced-Processor-Systems/SingleCycleProcessor/SingleCycleProcessor.srcs/sources_1/new/LeftShifter.v" into library xil_defaultlib
INFO: [VRFC 10-311] analyzing module LeftShifter
INFO: [VRFC 10-2263] Analyzing Verilog file "C:/Users/rktli/Documents/GitHub/TU-ECE-4612-Advanced-Processor-Systems/SingleCycleProcessor/SingleCycleProcessor.srcs/sources_1/new/SignedAdder32bit.v" into library xil_defaultlib
INFO: [VRFC 10-311] analyzing module SignedAdder32bit
INFO: [VRFC 10-2263] Analyzing Verilog file "C:/Users/rktli/Documents/GitHub/TU-ECE-4612-Advanced-Processor-Systems/SingleCycleProcessor/SingleCycleProcessor.srcs/sources_1/new/DataMemory.v" into library xil_defaultlib
INFO: [VRFC 10-311] analyzing module DataMemory
INFO: [VRFC 10-2263] Analyzing Verilog file "C:/Users/rktli/Documents/GitHub/TU-ECE-4612-Advanced-Processor-Systems/SingleCycleProcessor/SingleCycleProcessor.srcs/sim_1/new/Mux2to1_tb.v" into library xil_defaultlib
INFO: [VRFC 10-311] analyzing module Mux2to1_tb
INFO: [VRFC 10-2263] Analyzing Verilog file "C:/Users/rktli/Documents/GitHub/TU-ECE-4612-Advanced-Processor-Systems/SingleCycleProcessor/SingleCycleProcessor.srcs/sim_1/new/Adder16bit_tb.v" into library xil_defaultlib
INFO: [VRFC 10-311] analyzing module Adder16bit_tb
INFO: [VRFC 10-2263] Analyzing Verilog file "C:/Users/rktli/Documents/GitHub/TU-ECE-4612-Advanced-Processor-Systems/SingleCycleProcessor/SingleCycleProcessor.srcs/sim_1/new/Adder32bit_tb.v" into library xil_defaultlib
INFO: [VRFC 10-311] analyzing module Adder32bit_tb
INFO: [VRFC 10-2263] Analyzing Verilog file "C:/Users/rktli/Documents/GitHub/TU-ECE-4612-Advanced-Processor-Systems/SingleCycleProcessor/SingleCycleProcessor.srcs/sim_1/new/Adder4bit_tb.v" into library xil_defaultlib
INFO: [VRFC 10-311] analyzing module Adder4bit_tb
INFO: [VRFC 10-2263] Analyzing Verilog file "C:/Users/rktli/Documents/GitHub/TU-ECE-4612-Advanced-Processor-Systems/SingleCycleProcessor/SingleCycleProcessor.srcs/sim_1/new/FullAdder_tb.v" into library xil_defaultlib
INFO: [VRFC 10-311] analyzing module FullAdder_tb
INFO: [VRFC 10-2263] Analyzing Verilog file "C:/Users/rktli/Documents/GitHub/TU-ECE-4612-Advanced-Processor-Systems/SingleCycleProcessor/SingleCycleProcessor.srcs/sim_1/new/HalfAdder_tb.v" into library xil_defaultlib
INFO: [VRFC 10-311] analyzing module HalfAdder_tb
INFO: [VRFC 10-2263] Analyzing Verilog file "C:/Users/rktli/Documents/GitHub/TU-ECE-4612-Advanced-Processor-Systems/SingleCycleProcessor/SingleCycleProcessor.srcs/sim_1/new/SignExtender_tb.v" into library xil_defaultlib
INFO: [VRFC 10-311] analyzing module SignExtender_tb
INFO: [VRFC 10-2263] Analyzing Verilog file "C:/Users/rktli/Documents/GitHub/TU-ECE-4612-Advanced-Processor-Systems/SingleCycleProcessor/SingleCycleProcessor.srcs/sim_1/new/LeftShifter_tb.v" into library xil_defaultlib
INFO: [VRFC 10-311] analyzing module LeftShifter_tb
INFO: [VRFC 10-2263] Analyzing Verilog file "C:/Users/rktli/Documents/GitHub/TU-ECE-4612-Advanced-Processor-Systems/SingleCycleProcessor/SingleCycleProcessor.srcs/sim_1/new/SignedAdder32bit_tb.v" into library xil_defaultlib
INFO: [VRFC 10-311] analyzing module SignedAdder32bit_tb
WARNING: [VRFC 10-2581] 2147483648 as 32-bit signed integer overflows, using -2147483648 instead [C:/Users/rktli/Documents/GitHub/TU-ECE-4612-Advanced-Processor-Systems/SingleCycleProcessor/SingleCycleProcessor.srcs/sim_1/new/SignedAdder32bit_tb.v:35]
INFO: [VRFC 10-2263] Analyzing Verilog file "C:/Users/rktli/Documents/GitHub/TU-ECE-4612-Advanced-Processor-Systems/SingleCycleProcessor/SingleCycleProcessor.srcs/sim_1/new/DataMemory_tb.v" into library xil_defaultlib
INFO: [VRFC 10-311] analyzing module DataMemory_tb
INFO: [USF-XSim-69] 'compile' step finished in '3' seconds
INFO: [USF-XSim-3] XSim::Elaborate design
INFO: [USF-XSim-61] Executing 'ELABORATE' step in 'C:/Users/rktli/Documents/GitHub/TU-ECE-4612-Advanced-Processor-Systems/SingleCycleProcessor/SingleCycleProcessor.sim/sim_1/behav/xsim'
"xelab -wto c61ec431e6874e3bba603f8e13e90667 --incr --debug typical --relax --mt 2 -L xil_defaultlib -L unisims_ver -L unimacro_ver -L secureip --snapshot DataMemory_tb_behav xil_defaultlib.DataMemory_tb xil_defaultlib.glbl -log elaborate.log"
Vivado Simulator 2020.2
Copyright 1986-1999, 2001-2020 Xilinx, Inc. All Rights Reserved.
Running: C:/Xilinx/Vivado/2020.2/bin/unwrapped/win64.o/xelab.exe -wto c61ec431e6874e3bba603f8e13e90667 --incr --debug typical --relax --mt 2 -L xil_defaultlib -L unisims_ver -L unimacro_ver -L secureip --snapshot DataMemory_tb_behav xil_defaultlib.DataMemory_tb xil_defaultlib.glbl -log elaborate.log 
Using 2 slave threads.
Starting static elaboration
Pass Through NonSizing Optimizer
Completed static elaboration
Starting simulation data flow analysis
Completed simulation data flow analysis
Time Resolution for simulation is 1ps
Compiling module xil_defaultlib.DataMemory
Compiling module xil_defaultlib.DataMemory_tb
Compiling module xil_defaultlib.glbl
Built simulation snapshot DataMemory_tb_behav
INFO: [USF-XSim-69] 'elaborate' step finished in '3' seconds
INFO: [USF-XSim-4] XSim::Simulate design
INFO: [USF-XSim-61] Executing 'SIMULATE' step in 'C:/Users/rktli/Documents/GitHub/TU-ECE-4612-Advanced-Processor-Systems/SingleCycleProcessor/SingleCycleProcessor.sim/sim_1/behav/xsim'
INFO: [USF-XSim-98] *** Running xsim
   with args "DataMemory_tb_behav -key {Behavioral:sim_1:Functional:DataMemory_tb} -tclbatch {DataMemory_tb.tcl} -log {simulate.log}"
INFO: [USF-XSim-8] Loading simulator feature
Vivado Simulator 2020.2
Time resolution is 1 ps
source DataMemory_tb.tcl
# set curr_wave [current_wave_config]
# if { [string length $curr_wave] == 0 } {
#   if { [llength [get_objects]] > 0} {
#     add_wave /
#     set_property needs_save false [current_wave_config]
#   } else {
#      send_msg_id Add_Wave-1 WARNING "No top level signals found. Simulator will start without a wave window. If you want to open a wave window go to 'File->New Waveform Configuration' or type 'create_wave_config' in the TCL console."
#   }
# }
# run 1000ns
$finish called at time : 110 ns : File "C:/Users/rktli/Documents/GitHub/TU-ECE-4612-Advanced-Processor-Systems/SingleCycleProcessor/SingleCycleProcessor.srcs/sim_1/new/DataMemory_tb.v" Line 42
INFO: [USF-XSim-96] XSim completed. Design snapshot 'DataMemory_tb_behav' loaded.
INFO: [USF-XSim-97] XSim simulation ran for 1000ns
launch_simulation: Time (s): cpu = 00:00:04 ; elapsed = 00:00:09 . Memory (MB): peak = 1005.320 ; gain = 0.000
close_sim
INFO: [Simtcl 6-16] Simulation closed
launch_simulation
Command: launch_simulation 
INFO: [Vivado 12-5682] Launching behavioral simulation in 'C:/Users/rktli/Documents/GitHub/TU-ECE-4612-Advanced-Processor-Systems/SingleCycleProcessor/SingleCycleProcessor.sim/sim_1/behav/xsim'
INFO: [SIM-utils-51] Simulation object is 'sim_1'
INFO: [SIM-utils-54] Inspecting design source files for 'DataMemory_tb' in fileset 'sim_1'...
INFO: [USF-XSim-97] Finding global include files...
INFO: [USF-XSim-100] Fetching design files from 'sources_1'...(this may take a while)...
INFO: [USF-XSim-101] Fetching design files from 'sim_1'...
INFO: [USF-XSim-2] XSim::Compile design
INFO: [USF-XSim-61] Executing 'COMPILE and ANALYZE' step in 'C:/Users/rktli/Documents/GitHub/TU-ECE-4612-Advanced-Processor-Systems/SingleCycleProcessor/SingleCycleProcessor.sim/sim_1/behav/xsim'
"xvlog --incr --relax -prj DataMemory_tb_vlog.prj"
INFO: [VRFC 10-2263] Analyzing Verilog file "C:/Users/rktli/Documents/GitHub/TU-ECE-4612-Advanced-Processor-Systems/SingleCycleProcessor/SingleCycleProcessor.srcs/sim_1/new/DataMemory_tb.v" into library xil_defaultlib
INFO: [VRFC 10-311] analyzing module DataMemory_tb
INFO: [USF-XSim-69] 'compile' step finished in '1' seconds
INFO: [USF-XSim-3] XSim::Elaborate design
INFO: [USF-XSim-61] Executing 'ELABORATE' step in 'C:/Users/rktli/Documents/GitHub/TU-ECE-4612-Advanced-Processor-Systems/SingleCycleProcessor/SingleCycleProcessor.sim/sim_1/behav/xsim'
"xelab -wto c61ec431e6874e3bba603f8e13e90667 --incr --debug typical --relax --mt 2 -L xil_defaultlib -L unisims_ver -L unimacro_ver -L secureip --snapshot DataMemory_tb_behav xil_defaultlib.DataMemory_tb xil_defaultlib.glbl -log elaborate.log"
Vivado Simulator 2020.2
Copyright 1986-1999, 2001-2020 Xilinx, Inc. All Rights Reserved.
Running: C:/Xilinx/Vivado/2020.2/bin/unwrapped/win64.o/xelab.exe -wto c61ec431e6874e3bba603f8e13e90667 --incr --debug typical --relax --mt 2 -L xil_defaultlib -L unisims_ver -L unimacro_ver -L secureip --snapshot DataMemory_tb_behav xil_defaultlib.DataMemory_tb xil_defaultlib.glbl -log elaborate.log 
Using 2 slave threads.
Starting static elaboration
Pass Through NonSizing Optimizer
Completed static elaboration
Starting simulation data flow analysis
Completed simulation data flow analysis
Time Resolution for simulation is 1ps
Compiling module xil_defaultlib.DataMemory
Compiling module xil_defaultlib.DataMemory_tb
Compiling module xil_defaultlib.glbl
Built simulation snapshot DataMemory_tb_behav
INFO: [USF-XSim-69] 'elaborate' step finished in '3' seconds
INFO: [USF-XSim-4] XSim::Simulate design
INFO: [USF-XSim-61] Executing 'SIMULATE' step in 'C:/Users/rktli/Documents/GitHub/TU-ECE-4612-Advanced-Processor-Systems/SingleCycleProcessor/SingleCycleProcessor.sim/sim_1/behav/xsim'
INFO: [USF-XSim-98] *** Running xsim
   with args "DataMemory_tb_behav -key {Behavioral:sim_1:Functional:DataMemory_tb} -tclbatch {DataMemory_tb.tcl} -log {simulate.log}"
INFO: [USF-XSim-8] Loading simulator feature
Vivado Simulator 2020.2
Time resolution is 1 ps
source DataMemory_tb.tcl
# set curr_wave [current_wave_config]
# if { [string length $curr_wave] == 0 } {
#   if { [llength [get_objects]] > 0} {
#     add_wave /
#     set_property needs_save false [current_wave_config]
#   } else {
#      send_msg_id Add_Wave-1 WARNING "No top level signals found. Simulator will start without a wave window. If you want to open a wave window go to 'File->New Waveform Configuration' or type 'create_wave_config' in the TCL console."
#   }
# }
# run 1000ns
$finish called at time : 130 ns : File "C:/Users/rktli/Documents/GitHub/TU-ECE-4612-Advanced-Processor-Systems/SingleCycleProcessor/SingleCycleProcessor.srcs/sim_1/new/DataMemory_tb.v" Line 44
INFO: [USF-XSim-96] XSim completed. Design snapshot 'DataMemory_tb_behav' loaded.
INFO: [USF-XSim-97] XSim simulation ran for 1000ns
launch_simulation: Time (s): cpu = 00:00:04 ; elapsed = 00:00:07 . Memory (MB): peak = 1005.320 ; gain = 0.000
close_sim
INFO: [Simtcl 6-16] Simulation closed
launch_simulation
Command: launch_simulation 
INFO: [Vivado 12-5682] Launching behavioral simulation in 'C:/Users/rktli/Documents/GitHub/TU-ECE-4612-Advanced-Processor-Systems/SingleCycleProcessor/SingleCycleProcessor.sim/sim_1/behav/xsim'
INFO: [SIM-utils-51] Simulation object is 'sim_1'
INFO: [SIM-utils-54] Inspecting design source files for 'DataMemory_tb' in fileset 'sim_1'...
INFO: [USF-XSim-97] Finding global include files...
INFO: [USF-XSim-100] Fetching design files from 'sources_1'...(this may take a while)...
INFO: [USF-XSim-101] Fetching design files from 'sim_1'...
INFO: [USF-XSim-2] XSim::Compile design
INFO: [USF-XSim-61] Executing 'COMPILE and ANALYZE' step in 'C:/Users/rktli/Documents/GitHub/TU-ECE-4612-Advanced-Processor-Systems/SingleCycleProcessor/SingleCycleProcessor.sim/sim_1/behav/xsim'
"xvlog --incr --relax -prj DataMemory_tb_vlog.prj"
INFO: [VRFC 10-2263] Analyzing Verilog file "C:/Users/rktli/Documents/GitHub/TU-ECE-4612-Advanced-Processor-Systems/SingleCycleProcessor/SingleCycleProcessor.srcs/sources_1/new/SignExtender.v" into library xil_defaultlib
INFO: [VRFC 10-311] analyzing module SignExtender
INFO: [VRFC 10-2263] Analyzing Verilog file "C:/Users/rktli/Documents/GitHub/TU-ECE-4612-Advanced-Processor-Systems/SingleCycleProcessor/SingleCycleProcessor.srcs/sources_1/new/Adder16bit.v" into library xil_defaultlib
INFO: [VRFC 10-311] analyzing module Adder16bit
INFO: [VRFC 10-2263] Analyzing Verilog file "C:/Users/rktli/Documents/GitHub/TU-ECE-4612-Advanced-Processor-Systems/SingleCycleProcessor/SingleCycleProcessor.srcs/sources_1/new/Adder4bit.v" into library xil_defaultlib
INFO: [VRFC 10-311] analyzing module Adder4bit
INFO: [VRFC 10-2263] Analyzing Verilog file "C:/Users/rktli/Documents/GitHub/TU-ECE-4612-Advanced-Processor-Systems/SingleCycleProcessor/SingleCycleProcessor.srcs/sources_1/new/FullAdder.v" into library xil_defaultlib
INFO: [VRFC 10-311] analyzing module FullAdder
INFO: [VRFC 10-2263] Analyzing Verilog file "C:/Users/rktli/Documents/GitHub/TU-ECE-4612-Advanced-Processor-Systems/SingleCycleProcessor/SingleCycleProcessor.srcs/sources_1/new/HalfAdder.v" into library xil_defaultlib
INFO: [VRFC 10-311] analyzing module HalfAdder
INFO: [VRFC 10-2263] Analyzing Verilog file "C:/Users/rktli/Documents/GitHub/TU-ECE-4612-Advanced-Processor-Systems/SingleCycleProcessor/SingleCycleProcessor.srcs/sources_1/new/Adder32bit.v" into library xil_defaultlib
INFO: [VRFC 10-311] analyzing module Adder32bit
INFO: [VRFC 10-2263] Analyzing Verilog file "C:/Users/rktli/Documents/GitHub/TU-ECE-4612-Advanced-Processor-Systems/SingleCycleProcessor/SingleCycleProcessor.srcs/sources_1/new/Mux2to1.v" into library xil_defaultlib
INFO: [VRFC 10-311] analyzing module Mux2to1
INFO: [VRFC 10-2263] Analyzing Verilog file "C:/Users/rktli/Documents/GitHub/TU-ECE-4612-Advanced-Processor-Systems/SingleCycleProcessor/SingleCycleProcessor.srcs/sources_1/new/LeftShifter.v" into library xil_defaultlib
INFO: [VRFC 10-311] analyzing module LeftShifter
INFO: [VRFC 10-2263] Analyzing Verilog file "C:/Users/rktli/Documents/GitHub/TU-ECE-4612-Advanced-Processor-Systems/SingleCycleProcessor/SingleCycleProcessor.srcs/sources_1/new/SignedAdder32bit.v" into library xil_defaultlib
INFO: [VRFC 10-311] analyzing module SignedAdder32bit
INFO: [VRFC 10-2263] Analyzing Verilog file "C:/Users/rktli/Documents/GitHub/TU-ECE-4612-Advanced-Processor-Systems/SingleCycleProcessor/SingleCycleProcessor.srcs/sources_1/new/DataMemory.v" into library xil_defaultlib
INFO: [VRFC 10-311] analyzing module DataMemory
INFO: [VRFC 10-2263] Analyzing Verilog file "C:/Users/rktli/Documents/GitHub/TU-ECE-4612-Advanced-Processor-Systems/SingleCycleProcessor/SingleCycleProcessor.srcs/sim_1/new/Mux2to1_tb.v" into library xil_defaultlib
INFO: [VRFC 10-311] analyzing module Mux2to1_tb
INFO: [VRFC 10-2263] Analyzing Verilog file "C:/Users/rktli/Documents/GitHub/TU-ECE-4612-Advanced-Processor-Systems/SingleCycleProcessor/SingleCycleProcessor.srcs/sim_1/new/Adder16bit_tb.v" into library xil_defaultlib
INFO: [VRFC 10-311] analyzing module Adder16bit_tb
INFO: [VRFC 10-2263] Analyzing Verilog file "C:/Users/rktli/Documents/GitHub/TU-ECE-4612-Advanced-Processor-Systems/SingleCycleProcessor/SingleCycleProcessor.srcs/sim_1/new/Adder32bit_tb.v" into library xil_defaultlib
INFO: [VRFC 10-311] analyzing module Adder32bit_tb
INFO: [VRFC 10-2263] Analyzing Verilog file "C:/Users/rktli/Documents/GitHub/TU-ECE-4612-Advanced-Processor-Systems/SingleCycleProcessor/SingleCycleProcessor.srcs/sim_1/new/Adder4bit_tb.v" into library xil_defaultlib
INFO: [VRFC 10-311] analyzing module Adder4bit_tb
INFO: [VRFC 10-2263] Analyzing Verilog file "C:/Users/rktli/Documents/GitHub/TU-ECE-4612-Advanced-Processor-Systems/SingleCycleProcessor/SingleCycleProcessor.srcs/sim_1/new/FullAdder_tb.v" into library xil_defaultlib
INFO: [VRFC 10-311] analyzing module FullAdder_tb
INFO: [VRFC 10-2263] Analyzing Verilog file "C:/Users/rktli/Documents/GitHub/TU-ECE-4612-Advanced-Processor-Systems/SingleCycleProcessor/SingleCycleProcessor.srcs/sim_1/new/HalfAdder_tb.v" into library xil_defaultlib
INFO: [VRFC 10-311] analyzing module HalfAdder_tb
INFO: [VRFC 10-2263] Analyzing Verilog file "C:/Users/rktli/Documents/GitHub/TU-ECE-4612-Advanced-Processor-Systems/SingleCycleProcessor/SingleCycleProcessor.srcs/sim_1/new/SignExtender_tb.v" into library xil_defaultlib
INFO: [VRFC 10-311] analyzing module SignExtender_tb
INFO: [VRFC 10-2263] Analyzing Verilog file "C:/Users/rktli/Documents/GitHub/TU-ECE-4612-Advanced-Processor-Systems/SingleCycleProcessor/SingleCycleProcessor.srcs/sim_1/new/LeftShifter_tb.v" into library xil_defaultlib
INFO: [VRFC 10-311] analyzing module LeftShifter_tb
INFO: [VRFC 10-2263] Analyzing Verilog file "C:/Users/rktli/Documents/GitHub/TU-ECE-4612-Advanced-Processor-Systems/SingleCycleProcessor/SingleCycleProcessor.srcs/sim_1/new/SignedAdder32bit_tb.v" into library xil_defaultlib
INFO: [VRFC 10-311] analyzing module SignedAdder32bit_tb
WARNING: [VRFC 10-2581] 2147483648 as 32-bit signed integer overflows, using -2147483648 instead [C:/Users/rktli/Documents/GitHub/TU-ECE-4612-Advanced-Processor-Systems/SingleCycleProcessor/SingleCycleProcessor.srcs/sim_1/new/SignedAdder32bit_tb.v:35]
INFO: [VRFC 10-2263] Analyzing Verilog file "C:/Users/rktli/Documents/GitHub/TU-ECE-4612-Advanced-Processor-Systems/SingleCycleProcessor/SingleCycleProcessor.srcs/sim_1/new/DataMemory_tb.v" into library xil_defaultlib
INFO: [VRFC 10-311] analyzing module DataMemory_tb
INFO: [USF-XSim-69] 'compile' step finished in '3' seconds
INFO: [USF-XSim-3] XSim::Elaborate design
INFO: [USF-XSim-61] Executing 'ELABORATE' step in 'C:/Users/rktli/Documents/GitHub/TU-ECE-4612-Advanced-Processor-Systems/SingleCycleProcessor/SingleCycleProcessor.sim/sim_1/behav/xsim'
"xelab -wto c61ec431e6874e3bba603f8e13e90667 --incr --debug typical --relax --mt 2 -L xil_defaultlib -L unisims_ver -L unimacro_ver -L secureip --snapshot DataMemory_tb_behav xil_defaultlib.DataMemory_tb xil_defaultlib.glbl -log elaborate.log"
Vivado Simulator 2020.2
Copyright 1986-1999, 2001-2020 Xilinx, Inc. All Rights Reserved.
Running: C:/Xilinx/Vivado/2020.2/bin/unwrapped/win64.o/xelab.exe -wto c61ec431e6874e3bba603f8e13e90667 --incr --debug typical --relax --mt 2 -L xil_defaultlib -L unisims_ver -L unimacro_ver -L secureip --snapshot DataMemory_tb_behav xil_defaultlib.DataMemory_tb xil_defaultlib.glbl -log elaborate.log 
Using 2 slave threads.
Starting static elaboration
Pass Through NonSizing Optimizer
Completed static elaboration
Starting simulation data flow analysis
Completed simulation data flow analysis
Time Resolution for simulation is 1ps
Compiling module xil_defaultlib.DataMemory
Compiling module xil_defaultlib.DataMemory_tb
Compiling module xil_defaultlib.glbl
Built simulation snapshot DataMemory_tb_behav
INFO: [USF-XSim-69] 'elaborate' step finished in '3' seconds
INFO: [USF-XSim-4] XSim::Simulate design
INFO: [USF-XSim-61] Executing 'SIMULATE' step in 'C:/Users/rktli/Documents/GitHub/TU-ECE-4612-Advanced-Processor-Systems/SingleCycleProcessor/SingleCycleProcessor.sim/sim_1/behav/xsim'
INFO: [USF-XSim-98] *** Running xsim
   with args "DataMemory_tb_behav -key {Behavioral:sim_1:Functional:DataMemory_tb} -tclbatch {DataMemory_tb.tcl} -log {simulate.log}"
INFO: [USF-XSim-8] Loading simulator feature
Vivado Simulator 2020.2
Time resolution is 1 ps
source DataMemory_tb.tcl
# set curr_wave [current_wave_config]
# if { [string length $curr_wave] == 0 } {
#   if { [llength [get_objects]] > 0} {
#     add_wave /
#     set_property needs_save false [current_wave_config]
#   } else {
#      send_msg_id Add_Wave-1 WARNING "No top level signals found. Simulator will start without a wave window. If you want to open a wave window go to 'File->New Waveform Configuration' or type 'create_wave_config' in the TCL console."
#   }
# }
# run 1000ns
$finish called at time : 150 ns : File "C:/Users/rktli/Documents/GitHub/TU-ECE-4612-Advanced-Processor-Systems/SingleCycleProcessor/SingleCycleProcessor.srcs/sim_1/new/DataMemory_tb.v" Line 46
INFO: [USF-XSim-96] XSim completed. Design snapshot 'DataMemory_tb_behav' loaded.
INFO: [USF-XSim-97] XSim simulation ran for 1000ns
launch_simulation: Time (s): cpu = 00:00:03 ; elapsed = 00:00:09 . Memory (MB): peak = 1005.320 ; gain = 0.000
close_sim
INFO: [Simtcl 6-16] Simulation closed
launch_simulation
Command: launch_simulation 
INFO: [Vivado 12-5682] Launching behavioral simulation in 'C:/Users/rktli/Documents/GitHub/TU-ECE-4612-Advanced-Processor-Systems/SingleCycleProcessor/SingleCycleProcessor.sim/sim_1/behav/xsim'
INFO: [SIM-utils-51] Simulation object is 'sim_1'
INFO: [SIM-utils-54] Inspecting design source files for 'DataMemory_tb' in fileset 'sim_1'...
INFO: [USF-XSim-97] Finding global include files...
INFO: [USF-XSim-100] Fetching design files from 'sources_1'...(this may take a while)...
INFO: [USF-XSim-101] Fetching design files from 'sim_1'...
INFO: [USF-XSim-2] XSim::Compile design
INFO: [USF-XSim-61] Executing 'COMPILE and ANALYZE' step in 'C:/Users/rktli/Documents/GitHub/TU-ECE-4612-Advanced-Processor-Systems/SingleCycleProcessor/SingleCycleProcessor.sim/sim_1/behav/xsim'
"xvlog --incr --relax -prj DataMemory_tb_vlog.prj"
INFO: [VRFC 10-2263] Analyzing Verilog file "C:/Users/rktli/Documents/GitHub/TU-ECE-4612-Advanced-Processor-Systems/SingleCycleProcessor/SingleCycleProcessor.srcs/sources_1/new/SignExtender.v" into library xil_defaultlib
INFO: [VRFC 10-311] analyzing module SignExtender
INFO: [VRFC 10-2263] Analyzing Verilog file "C:/Users/rktli/Documents/GitHub/TU-ECE-4612-Advanced-Processor-Systems/SingleCycleProcessor/SingleCycleProcessor.srcs/sources_1/new/Adder16bit.v" into library xil_defaultlib
INFO: [VRFC 10-311] analyzing module Adder16bit
INFO: [VRFC 10-2263] Analyzing Verilog file "C:/Users/rktli/Documents/GitHub/TU-ECE-4612-Advanced-Processor-Systems/SingleCycleProcessor/SingleCycleProcessor.srcs/sources_1/new/Adder4bit.v" into library xil_defaultlib
INFO: [VRFC 10-311] analyzing module Adder4bit
INFO: [VRFC 10-2263] Analyzing Verilog file "C:/Users/rktli/Documents/GitHub/TU-ECE-4612-Advanced-Processor-Systems/SingleCycleProcessor/SingleCycleProcessor.srcs/sources_1/new/FullAdder.v" into library xil_defaultlib
INFO: [VRFC 10-311] analyzing module FullAdder
INFO: [VRFC 10-2263] Analyzing Verilog file "C:/Users/rktli/Documents/GitHub/TU-ECE-4612-Advanced-Processor-Systems/SingleCycleProcessor/SingleCycleProcessor.srcs/sources_1/new/HalfAdder.v" into library xil_defaultlib
INFO: [VRFC 10-311] analyzing module HalfAdder
INFO: [VRFC 10-2263] Analyzing Verilog file "C:/Users/rktli/Documents/GitHub/TU-ECE-4612-Advanced-Processor-Systems/SingleCycleProcessor/SingleCycleProcessor.srcs/sources_1/new/Adder32bit.v" into library xil_defaultlib
INFO: [VRFC 10-311] analyzing module Adder32bit
INFO: [VRFC 10-2263] Analyzing Verilog file "C:/Users/rktli/Documents/GitHub/TU-ECE-4612-Advanced-Processor-Systems/SingleCycleProcessor/SingleCycleProcessor.srcs/sources_1/new/Mux2to1.v" into library xil_defaultlib
INFO: [VRFC 10-311] analyzing module Mux2to1
INFO: [VRFC 10-2263] Analyzing Verilog file "C:/Users/rktli/Documents/GitHub/TU-ECE-4612-Advanced-Processor-Systems/SingleCycleProcessor/SingleCycleProcessor.srcs/sources_1/new/LeftShifter.v" into library xil_defaultlib
INFO: [VRFC 10-311] analyzing module LeftShifter
INFO: [VRFC 10-2263] Analyzing Verilog file "C:/Users/rktli/Documents/GitHub/TU-ECE-4612-Advanced-Processor-Systems/SingleCycleProcessor/SingleCycleProcessor.srcs/sources_1/new/SignedAdder32bit.v" into library xil_defaultlib
INFO: [VRFC 10-311] analyzing module SignedAdder32bit
INFO: [VRFC 10-2263] Analyzing Verilog file "C:/Users/rktli/Documents/GitHub/TU-ECE-4612-Advanced-Processor-Systems/SingleCycleProcessor/SingleCycleProcessor.srcs/sources_1/new/DataMemory.v" into library xil_defaultlib
INFO: [VRFC 10-311] analyzing module DataMemory
INFO: [VRFC 10-2263] Analyzing Verilog file "C:/Users/rktli/Documents/GitHub/TU-ECE-4612-Advanced-Processor-Systems/SingleCycleProcessor/SingleCycleProcessor.srcs/sim_1/new/Mux2to1_tb.v" into library xil_defaultlib
INFO: [VRFC 10-311] analyzing module Mux2to1_tb
INFO: [VRFC 10-2263] Analyzing Verilog file "C:/Users/rktli/Documents/GitHub/TU-ECE-4612-Advanced-Processor-Systems/SingleCycleProcessor/SingleCycleProcessor.srcs/sim_1/new/Adder16bit_tb.v" into library xil_defaultlib
INFO: [VRFC 10-311] analyzing module Adder16bit_tb
INFO: [VRFC 10-2263] Analyzing Verilog file "C:/Users/rktli/Documents/GitHub/TU-ECE-4612-Advanced-Processor-Systems/SingleCycleProcessor/SingleCycleProcessor.srcs/sim_1/new/Adder32bit_tb.v" into library xil_defaultlib
INFO: [VRFC 10-311] analyzing module Adder32bit_tb
INFO: [VRFC 10-2263] Analyzing Verilog file "C:/Users/rktli/Documents/GitHub/TU-ECE-4612-Advanced-Processor-Systems/SingleCycleProcessor/SingleCycleProcessor.srcs/sim_1/new/Adder4bit_tb.v" into library xil_defaultlib
INFO: [VRFC 10-311] analyzing module Adder4bit_tb
INFO: [VRFC 10-2263] Analyzing Verilog file "C:/Users/rktli/Documents/GitHub/TU-ECE-4612-Advanced-Processor-Systems/SingleCycleProcessor/SingleCycleProcessor.srcs/sim_1/new/FullAdder_tb.v" into library xil_defaultlib
INFO: [VRFC 10-311] analyzing module FullAdder_tb
INFO: [VRFC 10-2263] Analyzing Verilog file "C:/Users/rktli/Documents/GitHub/TU-ECE-4612-Advanced-Processor-Systems/SingleCycleProcessor/SingleCycleProcessor.srcs/sim_1/new/HalfAdder_tb.v" into library xil_defaultlib
INFO: [VRFC 10-311] analyzing module HalfAdder_tb
INFO: [VRFC 10-2263] Analyzing Verilog file "C:/Users/rktli/Documents/GitHub/TU-ECE-4612-Advanced-Processor-Systems/SingleCycleProcessor/SingleCycleProcessor.srcs/sim_1/new/SignExtender_tb.v" into library xil_defaultlib
INFO: [VRFC 10-311] analyzing module SignExtender_tb
INFO: [VRFC 10-2263] Analyzing Verilog file "C:/Users/rktli/Documents/GitHub/TU-ECE-4612-Advanced-Processor-Systems/SingleCycleProcessor/SingleCycleProcessor.srcs/sim_1/new/LeftShifter_tb.v" into library xil_defaultlib
INFO: [VRFC 10-311] analyzing module LeftShifter_tb
INFO: [VRFC 10-2263] Analyzing Verilog file "C:/Users/rktli/Documents/GitHub/TU-ECE-4612-Advanced-Processor-Systems/SingleCycleProcessor/SingleCycleProcessor.srcs/sim_1/new/SignedAdder32bit_tb.v" into library xil_defaultlib
INFO: [VRFC 10-311] analyzing module SignedAdder32bit_tb
WARNING: [VRFC 10-2581] 2147483648 as 32-bit signed integer overflows, using -2147483648 instead [C:/Users/rktli/Documents/GitHub/TU-ECE-4612-Advanced-Processor-Systems/SingleCycleProcessor/SingleCycleProcessor.srcs/sim_1/new/SignedAdder32bit_tb.v:35]
INFO: [VRFC 10-2263] Analyzing Verilog file "C:/Users/rktli/Documents/GitHub/TU-ECE-4612-Advanced-Processor-Systems/SingleCycleProcessor/SingleCycleProcessor.srcs/sim_1/new/DataMemory_tb.v" into library xil_defaultlib
INFO: [VRFC 10-311] analyzing module DataMemory_tb
INFO: [USF-XSim-69] 'compile' step finished in '3' seconds
INFO: [USF-XSim-3] XSim::Elaborate design
INFO: [USF-XSim-61] Executing 'ELABORATE' step in 'C:/Users/rktli/Documents/GitHub/TU-ECE-4612-Advanced-Processor-Systems/SingleCycleProcessor/SingleCycleProcessor.sim/sim_1/behav/xsim'
"xelab -wto c61ec431e6874e3bba603f8e13e90667 --incr --debug typical --relax --mt 2 -L xil_defaultlib -L unisims_ver -L unimacro_ver -L secureip --snapshot DataMemory_tb_behav xil_defaultlib.DataMemory_tb xil_defaultlib.glbl -log elaborate.log"
Vivado Simulator 2020.2
Copyright 1986-1999, 2001-2020 Xilinx, Inc. All Rights Reserved.
Running: C:/Xilinx/Vivado/2020.2/bin/unwrapped/win64.o/xelab.exe -wto c61ec431e6874e3bba603f8e13e90667 --incr --debug typical --relax --mt 2 -L xil_defaultlib -L unisims_ver -L unimacro_ver -L secureip --snapshot DataMemory_tb_behav xil_defaultlib.DataMemory_tb xil_defaultlib.glbl -log elaborate.log 
Using 2 slave threads.
Starting static elaboration
Pass Through NonSizing Optimizer
Completed static elaboration
Starting simulation data flow analysis
Completed simulation data flow analysis
Time Resolution for simulation is 1ps
Compiling module xil_defaultlib.DataMemory
Compiling module xil_defaultlib.DataMemory_tb
Compiling module xil_defaultlib.glbl
Built simulation snapshot DataMemory_tb_behav
INFO: [USF-XSim-69] 'elaborate' step finished in '2' seconds
INFO: [USF-XSim-4] XSim::Simulate design
INFO: [USF-XSim-61] Executing 'SIMULATE' step in 'C:/Users/rktli/Documents/GitHub/TU-ECE-4612-Advanced-Processor-Systems/SingleCycleProcessor/SingleCycleProcessor.sim/sim_1/behav/xsim'
INFO: [USF-XSim-98] *** Running xsim
   with args "DataMemory_tb_behav -key {Behavioral:sim_1:Functional:DataMemory_tb} -tclbatch {DataMemory_tb.tcl} -log {simulate.log}"
INFO: [USF-XSim-8] Loading simulator feature
Vivado Simulator 2020.2
Time resolution is 1 ps
source DataMemory_tb.tcl
# set curr_wave [current_wave_config]
# if { [string length $curr_wave] == 0 } {
#   if { [llength [get_objects]] > 0} {
#     add_wave /
#     set_property needs_save false [current_wave_config]
#   } else {
#      send_msg_id Add_Wave-1 WARNING "No top level signals found. Simulator will start without a wave window. If you want to open a wave window go to 'File->New Waveform Configuration' or type 'create_wave_config' in the TCL console."
#   }
# }
# run 1000ns
$finish called at time : 150 ns : File "C:/Users/rktli/Documents/GitHub/TU-ECE-4612-Advanced-Processor-Systems/SingleCycleProcessor/SingleCycleProcessor.srcs/sim_1/new/DataMemory_tb.v" Line 46
INFO: [USF-XSim-96] XSim completed. Design snapshot 'DataMemory_tb_behav' loaded.
INFO: [USF-XSim-97] XSim simulation ran for 1000ns
launch_simulation: Time (s): cpu = 00:00:04 ; elapsed = 00:00:09 . Memory (MB): peak = 1005.320 ; gain = 0.000
close_sim
INFO: [Simtcl 6-16] Simulation closed
synth_design -rtl -rtl_skip_mlo -name rtl_1
Command: synth_design -rtl -rtl_skip_mlo -name rtl_1
Starting synth_design
Using part: xc7z020clg484-1
Top: DataMemory
INFO: [Device 21-403] Loading part xc7z020clg484-1
---------------------------------------------------------------------------------
Starting RTL Elaboration : Time (s): cpu = 00:00:04 ; elapsed = 00:00:05 . Memory (MB): peak = 1450.871 ; gain = 251.902
---------------------------------------------------------------------------------
INFO: [Synth 8-6157] synthesizing module 'DataMemory' [C:/Users/rktli/Documents/GitHub/TU-ECE-4612-Advanced-Processor-Systems/SingleCycleProcessor/SingleCycleProcessor.srcs/sources_1/new/DataMemory.v:14]
	Parameter WIDTH bound to: 32 - type: integer 
	Parameter DEPTH bound to: 1024 - type: integer 
INFO: [Synth 8-6155] done synthesizing module 'DataMemory' (1#1) [C:/Users/rktli/Documents/GitHub/TU-ECE-4612-Advanced-Processor-Systems/SingleCycleProcessor/SingleCycleProcessor.srcs/sources_1/new/DataMemory.v:14]
---------------------------------------------------------------------------------
Finished RTL Elaboration : Time (s): cpu = 00:00:05 ; elapsed = 00:00:07 . Memory (MB): peak = 1527.957 ; gain = 328.988
---------------------------------------------------------------------------------
---------------------------------------------------------------------------------
Start Handling Custom Attributes
---------------------------------------------------------------------------------
---------------------------------------------------------------------------------
Finished Handling Custom Attributes : Time (s): cpu = 00:00:06 ; elapsed = 00:00:07 . Memory (MB): peak = 1527.957 ; gain = 328.988
---------------------------------------------------------------------------------
---------------------------------------------------------------------------------
Finished RTL Optimization Phase 1 : Time (s): cpu = 00:00:06 ; elapsed = 00:00:07 . Memory (MB): peak = 1527.957 ; gain = 328.988
---------------------------------------------------------------------------------
Netlist sorting complete. Time (s): cpu = 00:00:00 ; elapsed = 00:00:00.002 . Memory (MB): peak = 1527.957 ; gain = 0.000
INFO: [Project 1-570] Preparing netlist for logic optimization

Processing XDC Constraints
Initializing timing engine
Completed Processing XDC Constraints

Netlist sorting complete. Time (s): cpu = 00:00:00 ; elapsed = 00:00:00 . Memory (MB): peak = 1540.496 ; gain = 0.000
INFO: [Project 1-111] Unisim Transformation Summary:
No Unisim elements were transformed.

RTL Elaboration Complete:  : Time (s): cpu = 00:00:15 ; elapsed = 00:00:13 . Memory (MB): peak = 1651.297 ; gain = 452.328
5 Infos, 0 Warnings, 0 Critical Warnings and 0 Errors encountered.
synth_design completed successfully
synth_design: Time (s): cpu = 00:00:21 ; elapsed = 00:00:26 . Memory (MB): peak = 1651.297 ; gain = 645.977
close_design
exit
INFO: [Common 17-206] Exiting Vivado at Wed Nov 17 19:07:12 2021...
